Microsoft (R) Macro Assembler Version 5.10                  10/22/22 19:19:1
                                                             Page     1-1


       1 = 0024				EOL EQU '$'
       2 = 0002				ind EQU 2
       3 = 01F4				n1 EQU 500
       4 =-0032				n2 EQU -50
       5				; –°—Ç–µ–∫ –ø—Ä–æ–≥—Ä–∞–º–º—ã
       6 0000				AStack SEGMENT STACK
       7 0000  000C[				DW 12 DUP(?)
       8	   ????			
       9			 ]	
      10				
      11 0018				AStack ENDS
      12				; –î–∞–Ω–Ω—ã–µ –ø—Ä–æ–≥—Ä–∞–º–º—ã
      13 0000				DATA SEGMENT
      14				; –î–∏—Ä–µ–∫—Ç–∏–≤—ã –æ–ø–∏—Å–∞–Ω–∏—è –
					¥–∞–Ω–Ω—ã—Ö
      15 0000  0000			mem1 DW 0
      16 0002  0000			mem2 DW 0
      17 0004  0000			mem3 DW 0
      18 0006  15 16 17 18 1C 1B	vec1 DB 21,22,23,24,28,27,26,25
      19       1A 19			
      20 000E  28 32 D8 CE 14 1E	vec2 DB 40,50,-40,-50,20,30,-20,-30
      21       EC E2			
      22 0016  05 06 F8 F9 07 08	matr DB 5,6,-8,-7,7,8,-6,-5,1,2,-4,-3,3
					,4,-2,-1
      23       FA FB 01 02 FC FD	
      24       03 04 FE FF		
      25 0026				DATA ENDS
      26				; –ö–æ–¥ –ø—Ä–æ–≥—Ä–∞–º–º—ã
      27 0000				CODE SEGMENT
      28					ASSUME CS:CODE, DS:DATA, SS:ASt
					ack
      29				; –ì–æ–ª–æ–≤–Ω–∞—è –ø—Ä–æ—Ü–µ–¥—É—Ä–∞
      30 0000				Main PROC FAR
      31 0000  1E				push DS
      32 0001  2B C0				sub AX,AX
      33 0003  50				push AX
      34 0004  B8 ---- R			mov AX,DATA
      35 0007  8E D8				mov DS,AX
      36				; –ü–†–û–í–ï–†–ö–ê –†–ï–ñ–ò–ú–û–í –ê–î–
					†–ï–°–ê–¶–ò–ò –ù–ê –£–†–û–í–ù–ï –°–ú–ï–
					©–ï–ù–ò–ô
      37				; –†–µ–≥–∏—Å—Ç—Ä–æ–≤–∞—è –∞–¥—Ä–µ—Å–∞—Ü
					–∏—è
      38 0009  B8 01F4				mov ax,n1
      39 000C  8B C8				mov cx,ax
      40 000E  B3 24				mov bl,EOL
      41 0010  B7 CE				mov bh,n2
      42				; –ü—Ä—è–º–∞—è –∞–¥—Ä–µ—Å–∞—Ü–∏—è
      43 0012  C7 06 0002 R FFCE		mov mem2,n2
      44 0018  BB 0006 R			mov bx,OFFSET vec1
      45 001B  A3 0000 R			mov mem1,ax
      46				; –ö–æ—Å–≤–µ–Ω–Ω–∞—è –∞–¥—Ä–µ—Å–∞—Ü–∏—è
      47 001E  8A 07				mov al,[bx]
      48				; 	mov mem3,[bx]
Microsoft (R) Macro Assembler Version 5.10                  10/22/22 19:19:1
                                                             Page     1-2


      49				; –ë–∞–∑–∏—Ä–æ–≤–∞–Ω–Ω–∞—è –∞–¥—Ä–µ—Å–∞
					—Ü–∏—è
      50 0020  8A 47 03				mov al,[bx]+3
      51 0023  8B 4F 03				mov cx,3[bx]
      52				; –ò–Ω–¥–µ–∫—Å–Ω–∞—è –∞–¥—Ä–µ—Å–∞—Ü–∏—è
      53 0026  BF 0002				mov di,ind
      54 0029  8A 85 000E R			mov al,vec2[di]
      55				; 	mov cx,vec2[di]
      56				; –ê–¥—Ä–µ—Å–∞—Ü–∏—è —Å –±–∞–∑–∏—Ä–æ–≤–
					∞–Ω–∏–µ–º –∏ –∏–Ω–¥–µ–∫—Å–∏—Ä–æ–≤–∞–Ω–∏
					–µ–º
      57 002D  BB 0003				mov bx,3
      58 0030  8A 81 0016 R			mov al,matr[bx][di]
      59				; 	mov cx,matr[bx][di]
      60				; 	mov ax,matr[bx*4][di]
      61				; –ü–†–û–í–ï–†–ö–ê –†–ï–ñ–ò–ú–û–í –ê–î–
					†–ï–°–ê–¶–ò–ò –° –£–ß–ï–¢–û–ú –°–ï–ì–ú–
					ï–ù–¢–û–í
      62				; –ü–µ—Ä–µ–æ–ø—Ä–µ–¥–µ–ª–µ–Ω–∏–µ —Å–µ–≥
					–º–µ–Ω—Ç–∞
      63				; ------ –≤–∞—Ä–∏–∞–Ω—Ç 1
      64 0034  B8 ---- R			mov ax, SEG vec2
      65 0037  8E C0				mov es, ax
      66 0039  26: 8B 07			mov ax, es:[bx]
      67 003C  B8 0000				mov ax, 0
      68				; ------ –≤–∞—Ä–∏–∞–Ω—Ç 2
      69 003F  8E C0				mov es, ax
      70 0041  1E				push ds
      71 0042  07				pop es
      72 0043  26: 8B 4F FF			mov cx, es:[bx-1]
      73 0047  91				xchg cx,ax
      74				; ------ –≤–∞—Ä–∏–∞–Ω—Ç 3
      75 0048  BF 0002				mov di,ind
      76 004B  26: 89 01			mov es:[bx+di],ax
      77				; ------ –≤–∞—Ä–∏–∞–Ω—Ç 4
      78 004E  8B EC				mov bp,sp
      79				; 	mov ax,matr[bp+bx]
      80				; 	mov ax,matr[bp+di+si]
      81				; –ò—Å–ø–æ–ª—å–∑–æ–≤–∞–Ω–∏–µ —Å–µ–≥–º–µ
					–Ω—Ç–∞ —Å—Ç–µ–∫–∞
      82 0050  FF 36 0000 R			push mem1
      83 0054  FF 36 0002 R			push mem2
      84 0058  8B EC				mov bp,sp
      85 005A  8B 56 02				mov dx,[bp]+2
      86 005D  CA 0002				ret 2
      87 0060				Main ENDP
      88 0060				CODE ENDS
      89					END Main
Microsoft (R) Macro Assembler Version 5.10                  10/22/22 19:19:1
                                                             Symbols-1


Segments and Groups:

                N a m e         	Length	 Align	Combine Class

ASTACK . . . . . . . . . . . . .  	0018	PARA	STACK	
CODE . . . . . . . . . . . . . .  	0060	PARA	NONE	
DATA . . . . . . . . . . . . . .  	0026	PARA	NONE	

Symbols:            

                N a m e         	Type	 Value	 Attr

EOL  . . . . . . . . . . . . . .  	NUMBER	0024	

IND  . . . . . . . . . . . . . .  	NUMBER	0002	

MAIN . . . . . . . . . . . . . .  	F PROC	0000	CODE	Length = 0060
MATR . . . . . . . . . . . . . .  	L BYTE	0016	DATA
MEM1 . . . . . . . . . . . . . .  	L WORD	0000	DATA
MEM2 . . . . . . . . . . . . . .  	L WORD	0002	DATA
MEM3 . . . . . . . . . . . . . .  	L WORD	0004	DATA

N1 . . . . . . . . . . . . . . .  	NUMBER	01F4	
N2 . . . . . . . . . . . . . . .  	NUMBER	-0032	

VEC1 . . . . . . . . . . . . . .  	L BYTE	0006	DATA
VEC2 . . . . . . . . . . . . . .  	L BYTE	000E	DATA

@CPU . . . . . . . . . . . . . .  	TEXT  0101h		
@FILENAME  . . . . . . . . . . .  	TEXT  LR2_COMP		
@VERSION . . . . . . . . . . . .  	TEXT  510		


     82 Source  Lines
     82 Total   Lines
     19 Symbols

  47286 + 457927 Bytes symbol space free

      0 Warning Errors
      0 Severe  Errors
