Microsoft (R) Macro Assembler Version 5.10                  12/18/22 19:51:1
                                                             Page     1-1


				; –°—Ç–µ–∫  –ø—Ä–æ–≥—Ä–∞–º–º—ã
 0000				AStack    SEGMENT  STACK
 0000  0400[			          DW 1024 DUP(?)  ; –û—Ç–≤–æ–¥–∏—Ç—Å—è 
				1024 —Å–ª–æ–≤ –ø–∞–º—è—Ç–∏
	   ????			
			 ]	
				
 0800				AStack    ENDS
				
				; –î–∞–Ω–Ω—ã–µ –ø—Ä–æ–≥—Ä–∞–º–º—ã
 0000				DATA      SEGMENT
 0000  0000			          KEEP_CS DW 0  ; –¥–ª—è —Ö—Ä–∞–Ω–µ–Ω–∏
				—è —Å–µ–≥–º–µ–Ω—Ç–∞
 0002  0000			          KEEP_IP DW 0  ; –∏ —Å–º–µ—â–µ–Ω–∏—è –
				ø—Ä–µ—Ä—ã–≤–∞–Ω–∏—è
 0004				DATA      ENDS
				
				; –ö–æ–¥ –ø—Ä–æ–≥—Ä–∞–º–º—ã
 0000				CODE	SEGMENT
					ASSUME CS:CODE, DS:DATA, SS:AStack
				
 0000				BEEP  PROC FAR
 0000  50				PUSH AX  ; —Å–æ—Ö—Ä–∞–Ω–µ–Ω–∏–µ –∏–∑–º–
				µ–Ω—è–µ–º—ã—Ö —Ä–µ–≥–∏—Å—Ç—Ä–æ–≤
 0001  51				PUSH CX
 0002  52				PUSH DX
				; –¥–µ–π—Å—Ç–≤–∏—è –ø–æ –æ–±—Ä–∞–±–æ—Ç–∫–µ –ø—Ä
				–µ—Ä—ã–≤–∞–Ω–∏—è
				
 0003  B0 B6				MOV AL,10110110B ; –£—Å—Ç–∞–Ω–æ–≤–∫–∞
 0005  E6 43				OUT 43H,AL       ; —Ä–µ–∂–∏–º–∞ —Ç–∞–π–
				º–µ—Ä–∞
				
 0007  E4 61				IN AL,61H        ; –°–æ—Å—Ç–æ—è–Ω–∏–µ –
				¥–∏–Ω–∞–º–∏–∫–∞
 0009  0C 03				OR AL,00000011b  ; –í–∫–ª—é—á–µ–Ω–∏–µ
 000B  E6 61				OUT 61H, AL      ; –¥–∏–Ω–∞–º–∏–∫–∞
				
 000D  B8 0A98				MOV AX, 2712  ;—É—Å—Ç–∞–Ω–æ–≤–∫–∞ —á–∞—
				Å—Ç–æ—Ç—ã –∑–≤—É–∫–∞
 0010  E6 42				OUT 42H,AL
 0012  8A C4				MOV AL,AH
 0014  E6 42				OUT 42H,AL
 0016  B9 001E				MOV CX,001eh
 0019  BA 8480				mov dx,8480h
					;–∑–∞–¥–µ—Ä–∂–∫–∞
 001C  B4 86				mov ah,86h
 001E  CD 15				int 15h    ;15h - 86H –ø—Ä–µ—Ä—ã–≤–∞–Ω–
				∏–µ –æ–∂–∏–¥–∞–Ω–∏—è
					;CX,DX = —Å–∫–æ–ª—å–∫–æ –º–∏–∫—Ä–æ—Å–µ–
				∫—É–Ω–¥ –∂–¥–∞—Ç—å
 0020  E4 61				IN AL,61H ; –í—ã–∫–ª—é—á–µ–Ω–∏–µ –¥–∏–Ω
				–∞–º–∏–∫–∞
 0022  24 FC				AND AL,11111100B
Microsoft (R) Macro Assembler Version 5.10                  12/18/22 19:51:1
                                                             Page     1-2


 0024  E6 61				OUT 61H,AL
				
				; –≤–æ—Å—Å—Ç–∞–Ω–æ–≤–ª–µ–Ω–∏–µ —Ä–µ–≥–∏—Å—Ç—Ä–æ
				–≤
 0026  5A				POP DX
 0027  59				POP CX
 0028  58				POP AX
 0029  B0 20				MOV AL, 20H
 002B  E6 20				OUT 20H, AL
 002D  CF				IRET
 002E				BEEP ENDP
				
				; –ì–æ–ª–æ–≤–Ω–∞—è –ø—Ä–æ—Ü–µ–¥—É—Ä–∞
 002E				Main	PROC  FAR
 002E  1E				PUSH DS
 002F  2B C0				sub AX,AX
 0031  50				PUSH AX
				
 0032  B8 ---- R			mov AX,DATA
 0035  8E D8				mov DS,AX
				
 0037  B4 35				MOV AH, 35H
 0039  B0 23				MOV AL, 23H
 003B  CD 21				INT 21H
 003D  89 1E 0002 R			MOV KEEP_IP, BX
 0041  8C 06 0000 R			MOV KEEP_CS, ES
 0045  1E				PUSH DS
 0046  BA 0000 R			MOV DX, OFFSET BEEP
 0049  B8 ---- R			MOV AX, SEG BEEP
 004C  8E D8				MOV DS, AX
 004E  B4 25				MOV AH, 25H
 0050  B0 23				MOV AL, 23H
 0052  CD 21				INT 21H
 0054  1F				POP DS
				
 0055					skipnotcntrlc:
 0055  B4 00				mov ah, 0
 0057  CD 16				int 16h
 0059  3C 03				cmp al, 3
 005B  75 F8				jne skipnotcntrlc
 005D  CD 23				int 23h
				
 005F  FA				CLI
 0060  1E				PUSH DS
 0061  8B 16 0002 R			MOV DX, KEEP_IP
 0065  A1 0000 R			MOV AX, KEEP_CS
 0068  8E D8				MOV DS, AX
 006A  B4 25				MOV AH, 25H
 006C  B0 23				MOV AL, 23H
 006E  CD 21				INT 21H
 0070  1F				POP DS
 0071  FB				STI
 0072  CA FFFE				RET far
				
Microsoft (R) Macro Assembler Version 5.10                  12/18/22 19:51:1
                                                             Page     1-3


 0075				Main	ENDP
 0075				CODE	ENDS
					END Main
Microsoft (R) Macro Assembler Version 5.10                  12/18/22 19:51:1
                                                             Symbols-1


Segments and Groups:

                N a m e         	Length	 Align	Combine Class

ASTACK . . . . . . . . . . . . .  	0800	PARA	STACK	
CODE . . . . . . . . . . . . . .  	0075	PARA	NONE	
DATA . . . . . . . . . . . . . .  	0004	PARA	NONE	

Symbols:            

                N a m e         	Type	 Value	 Attr

BEEP . . . . . . . . . . . . . .  	F PROC	0000	CODE	Length = 002E

KEEP_CS  . . . . . . . . . . . .  	L WORD	0000	DATA
KEEP_IP  . . . . . . . . . . . .  	L WORD	0002	DATA

MAIN . . . . . . . . . . . . . .  	F PROC	002E	CODE	Length = 0047

SKIPNOTCNTRLC  . . . . . . . . .  	L NEAR	0055	CODE

@CPU . . . . . . . . . . . . . .  	TEXT  0101h		
@FILENAME  . . . . . . . . . . .  	TEXT  lab5		
@VERSION . . . . . . . . . . . .  	TEXT  510		


     96 Source  Lines
     96 Total   Lines
     13 Symbols

  48004 + 459256 Bytes symbol space free

      0 Warning Errors
      0 Severe  Errors
